  Entity.cpp
  Game.cpp
D:\Projects\SFML\COMP4300\ShapeShooter\ShapeShooter\Game.cpp(229,12): warning C4244: 'argument': conversion from 'time_t' to 'unsigned int', possible loss of data
D:\Projects\SFML\COMP4300\ShapeShooter\ShapeShooter\Game.cpp(263,20): warning C4267: 'initializing': conversion from 'size_t' to 'unsigned int', possible loss of data
D:\Projects\SFML\COMP4300\ShapeShooter\ShapeShooter\Game.cpp(512,55): warning C4244: 'argument': conversion from 'unsigned int' to 'T', possible loss of data
D:\Projects\SFML\COMP4300\ShapeShooter\ShapeShooter\Game.cpp(512,55): warning C4244:         with
D:\Projects\SFML\COMP4300\ShapeShooter\ShapeShooter\Game.cpp(512,55): warning C4244:         [
D:\Projects\SFML\COMP4300\ShapeShooter\ShapeShooter\Game.cpp(512,55): warning C4244:             T=float
D:\Projects\SFML\COMP4300\ShapeShooter\ShapeShooter\Game.cpp(512,55): warning C4244:         ]
D:\Projects\SFML\COMP4300\ShapeShooter\ShapeShooter\Game.cpp(512,41): warning C4244: 'argument': conversion from 'unsigned int' to 'T', possible loss of data
D:\Projects\SFML\COMP4300\ShapeShooter\ShapeShooter\Game.cpp(512,41): warning C4244:         with
D:\Projects\SFML\COMP4300\ShapeShooter\ShapeShooter\Game.cpp(512,41): warning C4244:         [
D:\Projects\SFML\COMP4300\ShapeShooter\ShapeShooter\Game.cpp(512,41): warning C4244:             T=float
D:\Projects\SFML\COMP4300\ShapeShooter\ShapeShooter\Game.cpp(512,41): warning C4244:         ]
D:\Projects\SFML\COMP4300\ShapeShooter\ShapeShooter\Game.cpp(562,5): warning C4244: 'argument': conversion from 'float' to 'sf::Uint8', possible loss of data
D:\Projects\SFML\COMP4300\ShapeShooter\ShapeShooter\Game.cpp(575,13): warning C4101: 'event': unreferenced local variable
  Generating Code...
D:\Projects\SFML\COMP4300\ShapeShooter\ShapeShooter\Entity.cpp(25): warning C4172: returning address of local variable or temporary
D:\Projects\SFML\COMP4300\ShapeShooter\ShapeShooter\Entity.cpp(10): warning C4172: returning address of local variable or temporary
D:\Projects\SFML\COMP4300\ShapeShooter\ShapeShooter\Entity.cpp(30): warning C4172: returning address of local variable or temporary
D:\Projects\SFML\COMP4300\ShapeShooter\ShapeShooter\Entity.cpp(15): warning C4172: returning address of local variable or temporary
D:\Projects\SFML\COMP4300\ShapeShooter\ShapeShooter\Entity.cpp(20): warning C4172: returning address of local variable or temporary
D:\Projects\SFML\COMP4300\ShapeShooter\ShapeShooter\Entity.cpp(35): warning C4172: returning address of local variable or temporary
  ShapeShooter.vcxproj -> D:\Projects\SFML\COMP4300\ShapeShooter\x64\Debug\ShapeShooter.exe
